Arguments: 
  C:\Program Files\nodejs\node.exe C:\Users\midou\AppData\Roaming\npm\node_modules\yarn\bin\yarn.js add rsshub

PATH: 
  C:\Program Files (x86)\Common Files\Oracle\Java\javapath;C:\Python310\Scripts\;C:\Python310\;C:\ProgramData\Oracle\Java\javapath;C:\Windows\system32;C:\Windows;C:\Windows\System32\Wbem;C:\Windows\System32\WindowsPowerShell\v1.0\;C:\Windows\System32\OpenSSH\;C:\Program Files\Git\cmd;C:\Program Files (x86)\NetSarang\Xshell 7\;C:\Program Files\nodejs\;C:\ProgramData\chocolatey\bin;C:\Program Files\dotnet\;C:\Program Files\NVIDIA Corporation\NVIDIA NvDLISR;C:\Program Files (x86)\NVIDIA Corporation\PhysX\Common;C:\Users\midou\AppData\Local\Programs\Python\Python39\Scripts\;C:\Users\midou\AppData\Local\Programs\Python\Python39\;C:\Users\midou\AppData\Local\Microsoft\WindowsApps;C:\Users\midou\AppData\Local\GitHubDesktop\bin;C:\Users\midou\AppData\Local\Programs\Microsoft VS Code\bin;C:\Users\midou\AppData\Roaming\npm;C:\Users\midou\.dotnet\tools

Yarn version: 
  1.22.17

Node version: 
  14.17.5

Platform: 
  win32 x64

Trace: 
  Error: connect ETIMEDOUT 20.205.243.166:443
      at TCPConnectWrap.afterConnect [as oncomplete] (net.js:1148:16)

npm manifest: 
  {
    "name": "xysbtnRss",
    "version": "1.0.0",
    "main": "index.js",
    "repository": "https://github.com/MIMONATCH/xysbtnRss.git",
    "author": "midou <15500615701@163.com>",
    "license": "MIT"
  }

yarn manifest: 
  No manifest

Lockfile: 
  No lockfile
